2025-07-29 01:45:29,676 [Worker-0: Loading available Gradle versions] INFO  o.e.b.c.i.u.g.PublishedGradleVersions - Gradle version information cache is not available. Remote download required.
2025-07-29 01:46:03,104 [Worker-5: Importing Maven projects] INFO  o.e.m.c.i.l.LifecycleMappingFactory - Using org.eclipse.m2e.jdt.JarLifecycleMapping lifecycle mapping for MavenProject: com.azrieltech:PdvApp:1.0.0 @ C:\Users\caua2\Documents\Projetos\Projetos java\SistemaMercado\PdvApp\pom.xml.
2025-07-29 01:46:03,444 [Worker-5: Importing Maven projects] INFO  o.e.m.c.i.p.WorkspaceClassifierResolverManager - Resolving P/mercadoCore: com.azrieltech:mercadoCore:1.0.0 with classifier  to /mercadoCore/target/classes
2025-07-29 01:46:03,566 [Worker-5: Importing Maven projects] INFO  o.e.m.c.i.l.LifecycleMappingFactory - Using org.eclipse.m2e.jdt.JarLifecycleMapping lifecycle mapping for MavenProject: com.azrieltech:mercadoCore:1.0.0 @ C:\Users\caua2\Documents\Projetos\Projetos java\SistemaMercado\mercadoCore\pom.xml.
2025-07-29 01:46:03,684 [Worker-5: Importing Maven projects] INFO  o.e.m.c.i.l.LifecycleMappingFactory - Using org.eclipse.m2e.jdt.JarLifecycleMapping lifecycle mapping for MavenProject: com.azrieltech:PdvApp:1.0.0 @ C:\Users\caua2\Documents\Projetos\Projetos java\SistemaMercado\PdvApp\pom.xml.
2025-07-29 01:46:03,697 [Worker-5: Importing Maven projects] INFO  o.e.m.c.i.p.WorkspaceClassifierResolverManager - Resolving P/mercadoCore: com.azrieltech:mercadoCore:1.0.0 with classifier  to /mercadoCore/target/classes
2025-07-29 01:46:08,655 [Worker-5: Importing Maven projects] INFO  o.e.m.j.i.AbstractJavaProjectConfigurator - Adding source folder /mercadoCore/src/main/java
2025-07-29 01:46:08,660 [Worker-5: Importing Maven projects] INFO  o.e.m.j.i.AbstractJavaProjectConfigurator - Adding resource folder /mercadoCore/src/main/resources
2025-07-29 01:46:08,684 [Worker-5: Importing Maven projects] INFO  o.e.m.j.i.AbstractJavaProjectConfigurator - Adding source folder /mercadoCore/src/test/java
2025-07-29 01:46:08,686 [Worker-5: Importing Maven projects] INFO  o.e.m.j.i.AbstractJavaProjectConfigurator - Adding resource folder /mercadoCore/src/test/resources
2025-07-29 01:46:09,762 [Worker-5: Importing Maven projects] INFO  o.e.m.j.i.AbstractJavaProjectConfigurator - Adding source folder /PdvApp/src/main/java
2025-07-29 01:46:09,763 [Worker-5: Importing Maven projects] INFO  o.e.m.j.i.AbstractJavaProjectConfigurator - Adding resource folder /PdvApp/src/main/resources
2025-07-29 01:46:09,764 [Worker-5: Importing Maven projects] INFO  o.e.m.j.i.AbstractJavaProjectConfigurator - Adding source folder /PdvApp/src/test/java
2025-07-29 01:46:09,765 [Worker-5: Importing Maven projects] INFO  o.e.m.j.i.AbstractJavaProjectConfigurator - Adding resource folder /PdvApp/src/test/resources
2025-07-29 01:46:10,022 [Worker-5: Importing Maven projects] INFO  o.e.m.c.i.p.ProjectConfigurationManager - Imported and configured 2 project(s) in 8 sec
2025-07-29 01:46:14,862 [Worker-6: Updating Maven Project] INFO  o.e.m.c.i.p.ProjectConfigurationManager - Update started
2025-07-29 01:46:15,786 [Worker-6: Updating Maven Project] INFO  o.e.m.c.i.l.LifecycleMappingFactory - Using org.eclipse.m2e.jdt.JarLifecycleMapping lifecycle mapping for MavenProject: com.azrieltech:PdvApp:1.0.0 @ C:\Users\caua2\Documents\Projetos\Projetos java\SistemaMercado\PdvApp\pom.xml.
2025-07-29 01:46:16,162 [Worker-6: Updating Maven Project] INFO  o.e.m.c.i.p.WorkspaceClassifierResolverManager - Resolving P/mercadoCore: com.azrieltech:mercadoCore:1.0.0 with classifier  to /mercadoCore/target/classes
2025-07-29 01:46:16,260 [Worker-6: Updating Maven Project] INFO  o.e.m.c.i.l.LifecycleMappingFactory - Using org.eclipse.m2e.jdt.JarLifecycleMapping lifecycle mapping for MavenProject: com.azrieltech:mercadoCore:1.0.0 @ C:\Users\caua2\Documents\Projetos\Projetos java\SistemaMercado\mercadoCore\pom.xml.
2025-07-29 01:46:17,267 [Worker-6: Updating Maven Project] INFO  o.e.m.j.i.AbstractJavaProjectConfigurator - Adding source folder /PdvApp/src/main/java
2025-07-29 01:46:17,269 [Worker-6: Updating Maven Project] INFO  o.e.m.j.i.AbstractJavaProjectConfigurator - Adding resource folder /PdvApp/src/main/resources
2025-07-29 01:46:17,271 [Worker-6: Updating Maven Project] INFO  o.e.m.j.i.AbstractJavaProjectConfigurator - Adding source folder /PdvApp/src/test/java
2025-07-29 01:46:17,276 [Worker-6: Updating Maven Project] INFO  o.e.m.j.i.AbstractJavaProjectConfigurator - Adding resource folder /PdvApp/src/test/resources
2025-07-29 01:46:17,838 [Worker-6: Updating Maven Project] INFO  o.e.m.j.i.AbstractJavaProjectConfigurator - Adding source folder /mercadoCore/src/main/java
2025-07-29 01:46:17,839 [Worker-6: Updating Maven Project] INFO  o.e.m.j.i.AbstractJavaProjectConfigurator - Adding resource folder /mercadoCore/src/main/resources
2025-07-29 01:46:17,840 [Worker-6: Updating Maven Project] INFO  o.e.m.j.i.AbstractJavaProjectConfigurator - Adding source folder /mercadoCore/src/test/java
2025-07-29 01:46:17,842 [Worker-6: Updating Maven Project] INFO  o.e.m.j.i.AbstractJavaProjectConfigurator - Adding resource folder /mercadoCore/src/test/resources
2025-07-29 01:46:18,593 [Worker-6: Updating Maven Project] INFO  o.e.m.c.i.p.ProjectConfigurationManager - Update completed for 2 poms: local refresh takes 0,00 sec, refresh facades takes 1,00 sec, update config takes 1,00 sec 
2025-07-29 01:46:22,441 [Worker-6: Building] INFO  o.a.m.s.f.DefaultMavenResourcesFiltering - Copying 7 resources from src\main\resources to target\classes
2025-07-29 01:46:22,463 [Worker-6: Building] INFO  o.a.m.s.f.DefaultMavenResourcesFiltering - Copying 0 resource from src\test\resources to target\test-classes
2025-07-29 01:46:24,699 [Worker-6: Building] WARN  o.a.m.s.f.DefaultMavenResourcesFiltering - Using platform encoding (UTF-8 actually) to copy filtered resources, i.e. build is platform dependent!
2025-07-29 01:46:24,701 [Worker-6: Building] INFO  o.a.m.s.f.DefaultMavenResourcesFiltering - Copying 0 resource from src\main\resources to target\classes
2025-07-29 01:46:24,705 [Worker-6: Building] WARN  o.a.m.s.f.DefaultMavenResourcesFiltering - Using platform encoding (UTF-8 actually) to copy filtered resources, i.e. build is platform dependent!
2025-07-29 01:46:24,706 [Worker-6: Building] INFO  o.a.m.s.f.DefaultMavenResourcesFiltering - Copying 0 resource from src\test\resources to target\test-classes
2025-07-29 01:51:13,558 [Worker-0: Loading available Gradle versions] INFO  o.e.b.c.i.u.g.PublishedGradleVersions - Gradle version information cache is up-to-date. Trying to read.
2025-07-29 01:51:16,592 [Worker-1: reload maven project] INFO  o.e.m.c.i.p.WorkspaceClassifierResolverManager - Resolving P/mercadoCore: com.azrieltech:mercadoCore:1.0.0 with classifier  to /mercadoCore/target/classes
2025-07-29 01:51:23,947 [Worker-6: Building] INFO  o.e.m.c.i.l.LifecycleMappingFactory - Using org.eclipse.m2e.jdt.JarLifecycleMapping lifecycle mapping for MavenProject: com.azrieltech:PdvApp:1.0.0 @ C:\Users\caua2\Documents\Projetos\Projetos java\SistemaMercado\PdvApp\pom.xml.
2025-07-29 01:51:25,531 [Worker-6: Building] INFO  o.e.m.c.i.p.WorkspaceClassifierResolverManager - Resolving P/mercadoCore: com.azrieltech:mercadoCore:1.0.0 with classifier  to /mercadoCore/target/classes
2025-07-29 01:51:27,584 [Worker-6: Building] WARN  o.a.m.s.f.DefaultMavenResourcesFiltering - Using platform encoding (UTF-8 actually) to copy filtered resources, i.e. build is platform dependent!
2025-07-29 01:51:27,664 [Worker-6: Building] INFO  o.a.m.s.f.DefaultMavenResourcesFiltering - Copying 0 resource from src\main\resources to target\classes
2025-07-29 01:51:27,681 [Worker-6: Building] WARN  o.a.m.s.f.DefaultMavenResourcesFiltering - Using platform encoding (UTF-8 actually) to copy filtered resources, i.e. build is platform dependent!
2025-07-29 01:51:27,683 [Worker-6: Building] INFO  o.a.m.s.f.DefaultMavenResourcesFiltering - Copying 0 resource from src\test\resources to target\test-classes
